2026-04-27 11:19:37,358 - INFO - Model and columns loaded successfully
2026-04-27 11:23:51,223 - INFO - Model and columns loaded successfully
2026-04-27 12:51:49,451 - INFO - Model and columns loaded successfully
2026-04-27 12:54:58,128 - INFO - Model and columns loaded successfully
2026-04-27 12:56:01,268 - INFO - Home endpoint called
2026-04-27 12:57:00,958 - INFO - Home endpoint called
2026-04-27 13:04:52,997 - INFO - Model and columns loaded successfully
2026-04-27 13:05:00,965 - INFO - Home endpoint called
2026-04-27 13:06:17,224 - INFO - Home endpoint called
2026-04-27 13:12:53,490 - INFO - Input received: {'area': 1200, 'bedrooms': 2, 'bathrooms': 2, 'location': 'urban'}
2026-04-27 13:12:53,586 - INFO - Prediction successful: 48902.4299232634
2026-04-27 13:17:15,970 - INFO - Input received: {'area': 800, 'bedrooms': 2, 'bathrooms': 1, 'location': 'rural'}
2026-04-27 13:17:16,038 - INFO - Prediction successful: 38691.23240708007
2026-04-27 13:33:18,411 - INFO - Model and columns loaded successfully
2026-04-27 13:33:18,765 - INFO - Home endpoint called
2026-04-27 13:33:30,902 - INFO - Home endpoint called
2026-04-27 16:53:44,797 - INFO - Model and columns loaded successfully
2026-04-27 16:53:46,373 - INFO - Home endpoint called
2026-04-27 16:54:15,788 - INFO - Home endpoint called
2026-04-27 16:56:56,135 - WARNING - Unauthorized access attempt
2026-04-27 16:57:53,465 - INFO - Input received: {'area': 1200, 'bedrooms': 2, 'bathrooms': 2, 'location': 'urban'}
2026-04-27 16:57:53,561 - INFO - Prediction successful: 48902.4299232634
2026-04-27 16:58:34,974 - INFO - Model and columns loaded successfully
2026-04-27 17:03:05,547 - INFO - Model and columns loaded successfully
2026-04-27 17:03:33,584 - INFO - Model and columns loaded successfully
2026-04-27 17:03:35,706 - INFO - Home endpoint called
2026-04-27 17:04:57,988 - INFO - Input received: {'area': 1200, 'bedrooms': 2, 'bathrooms': 2, 'location': 'urban'}
2026-04-27 17:04:58,073 - INFO - Prediction successful: 48902.4299232634
2026-04-27 17:09:14,037 - INFO - Model and columns loaded successfully
2026-04-27 17:09:14,068 - INFO - Model and columns loaded successfully
2026-04-27 17:11:31,969 - INFO - Model and columns loaded successfully
2026-04-27 17:11:32,220 - INFO - Home endpoint called
2026-04-27 17:13:30,210 - INFO - Input received: {'area': 1200, 'bedrooms': 2, 'bathrooms': 2, 'location': 'urban'}
2026-04-27 17:13:30,264 - INFO - Prediction successful: 48902.4299232634
2026-04-27 17:15:04,340 - INFO - Model and columns loaded successfully
2026-04-27 17:15:05,261 - INFO - Home endpoint called
2026-04-27 17:16:41,776 - INFO - Input received: {'area': 1200, 'bedrooms': 2, 'bathrooms': 2, 'location': 'urban'}
2026-04-27 17:16:41,832 - INFO - Prediction successful: 48902.4299232634
2026-04-27 17:17:52,809 - INFO - Input received: {'area': 1400, 'bedrooms': 3, 'bathrooms': 2, 'location': 'urban'}
2026-04-27 17:17:52,859 - INFO - Prediction successful: 69549.40237066364
2026-04-27 17:35:48,940 - INFO - Model and columns loaded successfully
2026-04-27 17:38:59,396 - INFO - Monitoring Data: {'area': 1200, 'bedrooms': 2, 'bathrooms': 2, 'location': 'urban', 'prediction': np.float64(48902.4299232634), 'actual_price': None, 'error': None}
2026-04-27 17:42:21,541 - INFO - Monitoring Data: {'area': 1200, 'bedrooms': 2, 'bathrooms': 2, 'location': 'urban', 'prediction': np.float64(48902.4299232634), 'actual_price': 5000000, 'error': np.float64(4951097.570076737)}
2026-04-27 17:53:24,038 - INFO - Model and columns loaded successfully
2026-04-27 18:12:29,977 - INFO - Model and columns loaded successfully
2026-04-28 11:38:06,010 - INFO - Model and columns loaded successfully
